%!Adobe-FontList 1.23
%Locale:0x409

%BeginFont
Handler:DirectoryHandler
FontType:Invalid
OutlineFileName:/Users/paulaconstanza/Desktop/plan de reactivacion minuta/Carpeta minuta plan de reactivacion/Document fonts/AdobeFnt23.lst
FileLength:1926
FileModTime:695556567
%EndFont

%BeginFont
Handler:DirectoryHandler
FontType:Type1
FontName:MuseoSans-500
FamilyName:Museo Sans
StyleName:500
MenuName:Museo Sans 500
StyleBits:0
WeightClass:400
WidthClass:5
AngleClass:0
FullName:Museo Sans 500
WritingScript:Roman
OutlineFileName:/Users/paulaconstanza/Desktop/plan de reactivacion minuta/Carpeta minuta plan de reactivacion/Document fonts/MuseoSans_500.otf
DataFormat:sfntData
UsesStandardEncoding:yes
isCFF:yes
hasSVG:no
VariableFontType:NonVariableFont
FileLength:62504
FileModTime:675407376
NameArray:0,Mac,4,Museo Sans 500
NameArray:0,Win,1,Museo Sans 500
NameArray:0,Win,16,Museo Sans
%EndFont

%BeginFont
Handler:DirectoryHandler
FontType:Type1
FontName:MuseoSans-500Italic
FamilyName:Museo Sans
StyleName:500 Italic
MenuName:Museo Sans 500
StyleBits:1
WeightClass:400
WidthClass:5
AngleClass:0
FullName:Museo Sans 500 Italic
WritingScript:Roman
OutlineFileName:/Users/paulaconstanza/Desktop/plan de reactivacion minuta/Carpeta minuta plan de reactivacion/Document fonts/MuseoSans_500_Italic.otf
DataFormat:sfntData
UsesStandardEncoding:yes
isCFF:yes
hasSVG:no
VariableFontType:NonVariableFont
FileLength:65124
FileModTime:675407370
NameArray:0,Mac,4,Museo Sans 500 Italic
NameArray:0,Win,1,Museo Sans 500
NameArray:0,Win,16,Museo Sans
%EndFont

%BeginFont
Handler:DirectoryHandler
FontType:Type1
FontName:MuseoSlab-500
FamilyName:Museo Slab
StyleName:500
MenuName:Museo Slab 500
StyleBits:0
WeightClass:400
WidthClass:5
AngleClass:0
FullName:Museo Slab 500
WritingScript:Roman
OutlineFileName:/Users/paulaconstanza/Desktop/plan de reactivacion minuta/Carpeta minuta plan de reactivacion/Document fonts/Museo_Slab_500.otf
DataFormat:sfntData
UsesStandardEncoding:yes
isCFF:yes
hasSVG:no
VariableFontType:NonVariableFont
FileLength:62180
FileModTime:675407272
NameArray:0,Mac,4,Museo Slab 500
NameArray:0,Win,1,Museo Slab 500
NameArray:0,Win,16,Museo Slab
%EndFont

